2012/12/08 01:05:32 [error] [exception.CHttpException.404] exception 'CHttpException' with message 'Unable to resolve the request "favicon.ico".' in D:\Projects\Dev-Pro-Kharkivjs\src\framework\web\CWebApplication.php:287
Stack trace:
#0 D:\Projects\Dev-Pro-Kharkivjs\src\framework\web\CWebApplication.php(142): CWebApplication->runController('favicon.ico')
#1 D:\Projects\Dev-Pro-Kharkivjs\src\framework\base\CApplication.php(162): CWebApplication->processRequest()
#2 D:\Projects\Dev-Pro-Kharkivjs\src\sites\kharkivjs.com\index.php(13): CApplication->run()
#3 {main}
REQUEST_URI=/favicon.ico
---
2012/12/08 01:05:33 [error] [exception.CHttpException.404] exception 'CHttpException' with message 'Unable to resolve the request "favicon.ico".' in D:\Projects\Dev-Pro-Kharkivjs\src\framework\web\CWebApplication.php:287
Stack trace:
#0 D:\Projects\Dev-Pro-Kharkivjs\src\framework\web\CWebApplication.php(142): CWebApplication->runController('favicon.ico')
#1 D:\Projects\Dev-Pro-Kharkivjs\src\framework\base\CApplication.php(162): CWebApplication->processRequest()
#2 D:\Projects\Dev-Pro-Kharkivjs\src\sites\kharkivjs.com\index.php(13): CApplication->run()
#3 {main}
REQUEST_URI=/favicon.ico
---
2012/12/08 01:05:34 [error] [exception.CHttpException.404] exception 'CHttpException' with message 'Unable to resolve the request "favicon.ico".' in D:\Projects\Dev-Pro-Kharkivjs\src\framework\web\CWebApplication.php:287
Stack trace:
#0 D:\Projects\Dev-Pro-Kharkivjs\src\framework\web\CWebApplication.php(142): CWebApplication->runController('favicon.ico')
#1 D:\Projects\Dev-Pro-Kharkivjs\src\framework\base\CApplication.php(162): CWebApplication->processRequest()
#2 D:\Projects\Dev-Pro-Kharkivjs\src\sites\kharkivjs.com\index.php(13): CApplication->run()
#3 {main}
REQUEST_URI=/favicon.ico
---
2012/12/08 01:05:37 [error] [exception.CHttpException.404] exception 'CHttpException' with message 'Unable to resolve the request "favicon.ico".' in D:\Projects\Dev-Pro-Kharkivjs\src\framework\web\CWebApplication.php:287
Stack trace:
#0 D:\Projects\Dev-Pro-Kharkivjs\src\framework\web\CWebApplication.php(142): CWebApplication->runController('favicon.ico')
#1 D:\Projects\Dev-Pro-Kharkivjs\src\framework\base\CApplication.php(162): CWebApplication->processRequest()
#2 D:\Projects\Dev-Pro-Kharkivjs\src\sites\kharkivjs.com\index.php(13): CApplication->run()
#3 {main}
REQUEST_URI=/favicon.ico
---
2012/12/08 01:05:40 [error] [exception.CHttpException.404] exception 'CHttpException' with message 'Unable to resolve the request "favicon.ico".' in D:\Projects\Dev-Pro-Kharkivjs\src\framework\web\CWebApplication.php:287
Stack trace:
#0 D:\Projects\Dev-Pro-Kharkivjs\src\framework\web\CWebApplication.php(142): CWebApplication->runController('favicon.ico')
#1 D:\Projects\Dev-Pro-Kharkivjs\src\framework\base\CApplication.php(162): CWebApplication->processRequest()
#2 D:\Projects\Dev-Pro-Kharkivjs\src\sites\kharkivjs.com\index.php(13): CApplication->run()
#3 {main}
REQUEST_URI=/favicon.ico
---
2012/12/08 01:05:42 [error] [exception.CHttpException.404] exception 'CHttpException' with message 'Unable to resolve the request "favicon.ico".' in D:\Projects\Dev-Pro-Kharkivjs\src\framework\web\CWebApplication.php:287
Stack trace:
#0 D:\Projects\Dev-Pro-Kharkivjs\src\framework\web\CWebApplication.php(142): CWebApplication->runController('favicon.ico')
#1 D:\Projects\Dev-Pro-Kharkivjs\src\framework\base\CApplication.php(162): CWebApplication->processRequest()
#2 D:\Projects\Dev-Pro-Kharkivjs\src\sites\kharkivjs.com\index.php(13): CApplication->run()
#3 {main}
REQUEST_URI=/favicon.ico
---
2012/12/08 01:05:59 [error] [exception.CHttpException.404] exception 'CHttpException' with message 'Unable to resolve the request "favicon.ico".' in D:\Projects\Dev-Pro-Kharkivjs\src\framework\web\CWebApplication.php:287
Stack trace:
#0 D:\Projects\Dev-Pro-Kharkivjs\src\framework\web\CWebApplication.php(142): CWebApplication->runController('favicon.ico')
#1 D:\Projects\Dev-Pro-Kharkivjs\src\framework\base\CApplication.php(162): CWebApplication->processRequest()
#2 D:\Projects\Dev-Pro-Kharkivjs\src\sites\kharkivjs.com\index.php(13): CApplication->run()
#3 {main}
REQUEST_URI=/favicon.ico
---
2012/12/08 01:06:02 [error] [exception.CHttpException.404] exception 'CHttpException' with message 'Unable to resolve the request "favicon.ico".' in D:\Projects\Dev-Pro-Kharkivjs\src\framework\web\CWebApplication.php:287
Stack trace:
#0 D:\Projects\Dev-Pro-Kharkivjs\src\framework\web\CWebApplication.php(142): CWebApplication->runController('favicon.ico')
#1 D:\Projects\Dev-Pro-Kharkivjs\src\framework\base\CApplication.php(162): CWebApplication->processRequest()
#2 D:\Projects\Dev-Pro-Kharkivjs\src\sites\kharkivjs.com\index.php(13): CApplication->run()
#3 {main}
REQUEST_URI=/favicon.ico
---
2012/12/08 01:06:10 [error] [exception.CHttpException.404] exception 'CHttpException' with message 'Unable to resolve the request "favicon.ico".' in D:\Projects\Dev-Pro-Kharkivjs\src\framework\web\CWebApplication.php:287
Stack trace:
#0 D:\Projects\Dev-Pro-Kharkivjs\src\framework\web\CWebApplication.php(142): CWebApplication->runController('favicon.ico')
#1 D:\Projects\Dev-Pro-Kharkivjs\src\framework\base\CApplication.php(162): CWebApplication->processRequest()
#2 D:\Projects\Dev-Pro-Kharkivjs\src\sites\kharkivjs.com\index.php(13): CApplication->run()
#3 {main}
REQUEST_URI=/favicon.ico
---
2012/12/08 01:06:10 [error] [exception.CHttpException.404] exception 'CHttpException' with message 'Unable to resolve the request "favicon.ico".' in D:\Projects\Dev-Pro-Kharkivjs\src\framework\web\CWebApplication.php:287
Stack trace:
#0 D:\Projects\Dev-Pro-Kharkivjs\src\framework\web\CWebApplication.php(142): CWebApplication->runController('favicon.ico')
#1 D:\Projects\Dev-Pro-Kharkivjs\src\framework\base\CApplication.php(162): CWebApplication->processRequest()
#2 D:\Projects\Dev-Pro-Kharkivjs\src\sites\kharkivjs.com\index.php(13): CApplication->run()
#3 {main}
REQUEST_URI=/favicon.ico
---
2012/12/08 01:06:11 [error] [exception.CHttpException.404] exception 'CHttpException' with message 'Unable to resolve the request "favicon.ico".' in D:\Projects\Dev-Pro-Kharkivjs\src\framework\web\CWebApplication.php:287
Stack trace:
#0 D:\Projects\Dev-Pro-Kharkivjs\src\framework\web\CWebApplication.php(142): CWebApplication->runController('favicon.ico')
#1 D:\Projects\Dev-Pro-Kharkivjs\src\framework\base\CApplication.php(162): CWebApplication->processRequest()
#2 D:\Projects\Dev-Pro-Kharkivjs\src\sites\kharkivjs.com\index.php(13): CApplication->run()
#3 {main}
REQUEST_URI=/favicon.ico
---
2012/12/08 01:06:16 [error] [exception.CHttpException.404] exception 'CHttpException' with message 'Unable to resolve the request "favicon.ico".' in D:\Projects\Dev-Pro-Kharkivjs\src\framework\web\CWebApplication.php:287
Stack trace:
#0 D:\Projects\Dev-Pro-Kharkivjs\src\framework\web\CWebApplication.php(142): CWebApplication->runController('favicon.ico')
#1 D:\Projects\Dev-Pro-Kharkivjs\src\framework\base\CApplication.php(162): CWebApplication->processRequest()
#2 D:\Projects\Dev-Pro-Kharkivjs\src\sites\kharkivjs.com\index.php(13): CApplication->run()
#3 {main}
REQUEST_URI=/favicon.ico
---
2012/12/08 01:06:17 [error] [exception.CHttpException.404] exception 'CHttpException' with message 'Unable to resolve the request "favicon.ico".' in D:\Projects\Dev-Pro-Kharkivjs\src\framework\web\CWebApplication.php:287
Stack trace:
#0 D:\Projects\Dev-Pro-Kharkivjs\src\framework\web\CWebApplication.php(142): CWebApplication->runController('favicon.ico')
#1 D:\Projects\Dev-Pro-Kharkivjs\src\framework\base\CApplication.php(162): CWebApplication->processRequest()
#2 D:\Projects\Dev-Pro-Kharkivjs\src\sites\kharkivjs.com\index.php(13): CApplication->run()
#3 {main}
REQUEST_URI=/favicon.ico
---
2012/12/08 01:06:17 [error] [exception.CHttpException.404] exception 'CHttpException' with message 'Unable to resolve the request "favicon.ico".' in D:\Projects\Dev-Pro-Kharkivjs\src\framework\web\CWebApplication.php:287
Stack trace:
#0 D:\Projects\Dev-Pro-Kharkivjs\src\framework\web\CWebApplication.php(142): CWebApplication->runController('favicon.ico')
#1 D:\Projects\Dev-Pro-Kharkivjs\src\framework\base\CApplication.php(162): CWebApplication->processRequest()
#2 D:\Projects\Dev-Pro-Kharkivjs\src\sites\kharkivjs.com\index.php(13): CApplication->run()
#3 {main}
REQUEST_URI=/favicon.ico
---
2012/12/08 01:06:18 [error] [exception.CHttpException.404] exception 'CHttpException' with message 'Unable to resolve the request "favicon.ico".' in D:\Projects\Dev-Pro-Kharkivjs\src\framework\web\CWebApplication.php:287
Stack trace:
#0 D:\Projects\Dev-Pro-Kharkivjs\src\framework\web\CWebApplication.php(142): CWebApplication->runController('favicon.ico')
#1 D:\Projects\Dev-Pro-Kharkivjs\src\framework\base\CApplication.php(162): CWebApplication->processRequest()
#2 D:\Projects\Dev-Pro-Kharkivjs\src\sites\kharkivjs.com\index.php(13): CApplication->run()
#3 {main}
REQUEST_URI=/favicon.ico
---
2012/12/08 01:06:18 [error] [exception.CHttpException.404] exception 'CHttpException' with message 'Unable to resolve the request "favicon.ico".' in D:\Projects\Dev-Pro-Kharkivjs\src\framework\web\CWebApplication.php:287
Stack trace:
#0 D:\Projects\Dev-Pro-Kharkivjs\src\framework\web\CWebApplication.php(142): CWebApplication->runController('favicon.ico')
#1 D:\Projects\Dev-Pro-Kharkivjs\src\framework\base\CApplication.php(162): CWebApplication->processRequest()
#2 D:\Projects\Dev-Pro-Kharkivjs\src\sites\kharkivjs.com\index.php(13): CApplication->run()
#3 {main}
REQUEST_URI=/favicon.ico
---
2012/12/08 01:06:19 [error] [exception.CHttpException.404] exception 'CHttpException' with message 'Unable to resolve the request "favicon.ico".' in D:\Projects\Dev-Pro-Kharkivjs\src\framework\web\CWebApplication.php:287
Stack trace:
#0 D:\Projects\Dev-Pro-Kharkivjs\src\framework\web\CWebApplication.php(142): CWebApplication->runController('favicon.ico')
#1 D:\Projects\Dev-Pro-Kharkivjs\src\framework\base\CApplication.php(162): CWebApplication->processRequest()
#2 D:\Projects\Dev-Pro-Kharkivjs\src\sites\kharkivjs.com\index.php(13): CApplication->run()
#3 {main}
REQUEST_URI=/favicon.ico
---
2012/12/08 01:06:19 [error] [exception.CHttpException.404] exception 'CHttpException' with message 'Unable to resolve the request "favicon.ico".' in D:\Projects\Dev-Pro-Kharkivjs\src\framework\web\CWebApplication.php:287
Stack trace:
#0 D:\Projects\Dev-Pro-Kharkivjs\src\framework\web\CWebApplication.php(142): CWebApplication->runController('favicon.ico')
#1 D:\Projects\Dev-Pro-Kharkivjs\src\framework\base\CApplication.php(162): CWebApplication->processRequest()
#2 D:\Projects\Dev-Pro-Kharkivjs\src\sites\kharkivjs.com\index.php(13): CApplication->run()
#3 {main}
REQUEST_URI=/favicon.ico
---
2012/12/08 01:06:19 [error] [exception.CHttpException.404] exception 'CHttpException' with message 'Unable to resolve the request "favicon.ico".' in D:\Projects\Dev-Pro-Kharkivjs\src\framework\web\CWebApplication.php:287
Stack trace:
#0 D:\Projects\Dev-Pro-Kharkivjs\src\framework\web\CWebApplication.php(142): CWebApplication->runController('favicon.ico')
#1 D:\Projects\Dev-Pro-Kharkivjs\src\framework\base\CApplication.php(162): CWebApplication->processRequest()
#2 D:\Projects\Dev-Pro-Kharkivjs\src\sites\kharkivjs.com\index.php(13): CApplication->run()
#3 {main}
REQUEST_URI=/favicon.ico
---
2012/12/08 01:06:19 [error] [exception.CHttpException.404] exception 'CHttpException' with message 'Unable to resolve the request "favicon.ico".' in D:\Projects\Dev-Pro-Kharkivjs\src\framework\web\CWebApplication.php:287
Stack trace:
#0 D:\Projects\Dev-Pro-Kharkivjs\src\framework\web\CWebApplication.php(142): CWebApplication->runController('favicon.ico')
#1 D:\Projects\Dev-Pro-Kharkivjs\src\framework\base\CApplication.php(162): CWebApplication->processRequest()
#2 D:\Projects\Dev-Pro-Kharkivjs\src\sites\kharkivjs.com\index.php(13): CApplication->run()
#3 {main}
REQUEST_URI=/favicon.ico
---
2012/12/08 01:06:20 [error] [exception.CHttpException.404] exception 'CHttpException' with message 'Unable to resolve the request "favicon.ico".' in D:\Projects\Dev-Pro-Kharkivjs\src\framework\web\CWebApplication.php:287
Stack trace:
#0 D:\Projects\Dev-Pro-Kharkivjs\src\framework\web\CWebApplication.php(142): CWebApplication->runController('favicon.ico')
#1 D:\Projects\Dev-Pro-Kharkivjs\src\framework\base\CApplication.php(162): CWebApplication->processRequest()
#2 D:\Projects\Dev-Pro-Kharkivjs\src\sites\kharkivjs.com\index.php(13): CApplication->run()
#3 {main}
REQUEST_URI=/favicon.ico
---
2012/12/08 01:06:20 [error] [exception.CHttpException.404] exception 'CHttpException' with message 'Unable to resolve the request "favicon.ico".' in D:\Projects\Dev-Pro-Kharkivjs\src\framework\web\CWebApplication.php:287
Stack trace:
#0 D:\Projects\Dev-Pro-Kharkivjs\src\framework\web\CWebApplication.php(142): CWebApplication->runController('favicon.ico')
#1 D:\Projects\Dev-Pro-Kharkivjs\src\framework\base\CApplication.php(162): CWebApplication->processRequest()
#2 D:\Projects\Dev-Pro-Kharkivjs\src\sites\kharkivjs.com\index.php(13): CApplication->run()
#3 {main}
REQUEST_URI=/favicon.ico
---
2012/12/08 01:06:20 [error] [exception.CHttpException.404] exception 'CHttpException' with message 'Unable to resolve the request "favicon.ico".' in D:\Projects\Dev-Pro-Kharkivjs\src\framework\web\CWebApplication.php:287
Stack trace:
#0 D:\Projects\Dev-Pro-Kharkivjs\src\framework\web\CWebApplication.php(142): CWebApplication->runController('favicon.ico')
#1 D:\Projects\Dev-Pro-Kharkivjs\src\framework\base\CApplication.php(162): CWebApplication->processRequest()
#2 D:\Projects\Dev-Pro-Kharkivjs\src\sites\kharkivjs.com\index.php(13): CApplication->run()
#3 {main}
REQUEST_URI=/favicon.ico
---
2012/12/08 01:06:20 [error] [exception.CHttpException.404] exception 'CHttpException' with message 'Unable to resolve the request "favicon.ico".' in D:\Projects\Dev-Pro-Kharkivjs\src\framework\web\CWebApplication.php:287
Stack trace:
#0 D:\Projects\Dev-Pro-Kharkivjs\src\framework\web\CWebApplication.php(142): CWebApplication->runController('favicon.ico')
#1 D:\Projects\Dev-Pro-Kharkivjs\src\framework\base\CApplication.php(162): CWebApplication->processRequest()
#2 D:\Projects\Dev-Pro-Kharkivjs\src\sites\kharkivjs.com\index.php(13): CApplication->run()
#3 {main}
REQUEST_URI=/favicon.ico
---
2012/12/08 01:06:24 [error] [exception.CHttpException.404] exception 'CHttpException' with message 'Unable to resolve the request "favicon.ico".' in D:\Projects\Dev-Pro-Kharkivjs\src\framework\web\CWebApplication.php:287
Stack trace:
#0 D:\Projects\Dev-Pro-Kharkivjs\src\framework\web\CWebApplication.php(142): CWebApplication->runController('favicon.ico')
#1 D:\Projects\Dev-Pro-Kharkivjs\src\framework\base\CApplication.php(162): CWebApplication->processRequest()
#2 D:\Projects\Dev-Pro-Kharkivjs\src\sites\kharkivjs.com\index.php(13): CApplication->run()
#3 {main}
REQUEST_URI=/favicon.ico
---
2012/12/08 01:06:25 [error] [exception.CHttpException.404] exception 'CHttpException' with message 'Unable to resolve the request "favicon.ico".' in D:\Projects\Dev-Pro-Kharkivjs\src\framework\web\CWebApplication.php:287
Stack trace:
#0 D:\Projects\Dev-Pro-Kharkivjs\src\framework\web\CWebApplication.php(142): CWebApplication->runController('favicon.ico')
#1 D:\Projects\Dev-Pro-Kharkivjs\src\framework\base\CApplication.php(162): CWebApplication->processRequest()
#2 D:\Projects\Dev-Pro-Kharkivjs\src\sites\kharkivjs.com\index.php(13): CApplication->run()
#3 {main}
REQUEST_URI=/favicon.ico
---
2012/12/08 01:06:25 [error] [exception.CHttpException.404] exception 'CHttpException' with message 'Unable to resolve the request "favicon.ico".' in D:\Projects\Dev-Pro-Kharkivjs\src\framework\web\CWebApplication.php:287
Stack trace:
#0 D:\Projects\Dev-Pro-Kharkivjs\src\framework\web\CWebApplication.php(142): CWebApplication->runController('favicon.ico')
#1 D:\Projects\Dev-Pro-Kharkivjs\src\framework\base\CApplication.php(162): CWebApplication->processRequest()
#2 D:\Projects\Dev-Pro-Kharkivjs\src\sites\kharkivjs.com\index.php(13): CApplication->run()
#3 {main}
REQUEST_URI=/favicon.ico
---
2012/12/08 01:06:26 [error] [exception.CHttpException.404] exception 'CHttpException' with message 'Unable to resolve the request "favicon.ico".' in D:\Projects\Dev-Pro-Kharkivjs\src\framework\web\CWebApplication.php:287
Stack trace:
#0 D:\Projects\Dev-Pro-Kharkivjs\src\framework\web\CWebApplication.php(142): CWebApplication->runController('favicon.ico')
#1 D:\Projects\Dev-Pro-Kharkivjs\src\framework\base\CApplication.php(162): CWebApplication->processRequest()
#2 D:\Projects\Dev-Pro-Kharkivjs\src\sites\kharkivjs.com\index.php(13): CApplication->run()
#3 {main}
REQUEST_URI=/favicon.ico
---
2012/12/08 01:06:26 [error] [exception.CHttpException.404] exception 'CHttpException' with message 'Unable to resolve the request "favicon.ico".' in D:\Projects\Dev-Pro-Kharkivjs\src\framework\web\CWebApplication.php:287
Stack trace:
#0 D:\Projects\Dev-Pro-Kharkivjs\src\framework\web\CWebApplication.php(142): CWebApplication->runController('favicon.ico')
#1 D:\Projects\Dev-Pro-Kharkivjs\src\framework\base\CApplication.php(162): CWebApplication->processRequest()
#2 D:\Projects\Dev-Pro-Kharkivjs\src\sites\kharkivjs.com\index.php(13): CApplication->run()
#3 {main}
REQUEST_URI=/favicon.ico
---
2012/12/08 01:06:26 [error] [exception.CHttpException.404] exception 'CHttpException' with message 'Unable to resolve the request "favicon.ico".' in D:\Projects\Dev-Pro-Kharkivjs\src\framework\web\CWebApplication.php:287
Stack trace:
#0 D:\Projects\Dev-Pro-Kharkivjs\src\framework\web\CWebApplication.php(142): CWebApplication->runController('favicon.ico')
#1 D:\Projects\Dev-Pro-Kharkivjs\src\framework\base\CApplication.php(162): CWebApplication->processRequest()
#2 D:\Projects\Dev-Pro-Kharkivjs\src\sites\kharkivjs.com\index.php(13): CApplication->run()
#3 {main}
REQUEST_URI=/favicon.ico
---
2012/12/08 01:06:26 [error] [exception.CHttpException.404] exception 'CHttpException' with message 'Unable to resolve the request "favicon.ico".' in D:\Projects\Dev-Pro-Kharkivjs\src\framework\web\CWebApplication.php:287
Stack trace:
#0 D:\Projects\Dev-Pro-Kharkivjs\src\framework\web\CWebApplication.php(142): CWebApplication->runController('favicon.ico')
#1 D:\Projects\Dev-Pro-Kharkivjs\src\framework\base\CApplication.php(162): CWebApplication->processRequest()
#2 D:\Projects\Dev-Pro-Kharkivjs\src\sites\kharkivjs.com\index.php(13): CApplication->run()
#3 {main}
REQUEST_URI=/favicon.ico
---
2012/12/08 01:06:26 [error] [exception.CHttpException.404] exception 'CHttpException' with message 'Unable to resolve the request "favicon.ico".' in D:\Projects\Dev-Pro-Kharkivjs\src\framework\web\CWebApplication.php:287
Stack trace:
#0 D:\Projects\Dev-Pro-Kharkivjs\src\framework\web\CWebApplication.php(142): CWebApplication->runController('favicon.ico')
#1 D:\Projects\Dev-Pro-Kharkivjs\src\framework\base\CApplication.php(162): CWebApplication->processRequest()
#2 D:\Projects\Dev-Pro-Kharkivjs\src\sites\kharkivjs.com\index.php(13): CApplication->run()
#3 {main}
REQUEST_URI=/favicon.ico
---
2012/12/08 01:06:27 [error] [exception.CHttpException.404] exception 'CHttpException' with message 'Unable to resolve the request "favicon.ico".' in D:\Projects\Dev-Pro-Kharkivjs\src\framework\web\CWebApplication.php:287
Stack trace:
#0 D:\Projects\Dev-Pro-Kharkivjs\src\framework\web\CWebApplication.php(142): CWebApplication->runController('favicon.ico')
#1 D:\Projects\Dev-Pro-Kharkivjs\src\framework\base\CApplication.php(162): CWebApplication->processRequest()
#2 D:\Projects\Dev-Pro-Kharkivjs\src\sites\kharkivjs.com\index.php(13): CApplication->run()
#3 {main}
REQUEST_URI=/favicon.ico
---
2012/12/08 01:06:27 [error] [exception.CHttpException.404] exception 'CHttpException' with message 'Unable to resolve the request "favicon.ico".' in D:\Projects\Dev-Pro-Kharkivjs\src\framework\web\CWebApplication.php:287
Stack trace:
#0 D:\Projects\Dev-Pro-Kharkivjs\src\framework\web\CWebApplication.php(142): CWebApplication->runController('favicon.ico')
#1 D:\Projects\Dev-Pro-Kharkivjs\src\framework\base\CApplication.php(162): CWebApplication->processRequest()
#2 D:\Projects\Dev-Pro-Kharkivjs\src\sites\kharkivjs.com\index.php(13): CApplication->run()
#3 {main}
REQUEST_URI=/favicon.ico
---
2012/12/08 01:06:27 [error] [exception.CHttpException.404] exception 'CHttpException' with message 'Unable to resolve the request "favicon.ico".' in D:\Projects\Dev-Pro-Kharkivjs\src\framework\web\CWebApplication.php:287
Stack trace:
#0 D:\Projects\Dev-Pro-Kharkivjs\src\framework\web\CWebApplication.php(142): CWebApplication->runController('favicon.ico')
#1 D:\Projects\Dev-Pro-Kharkivjs\src\framework\base\CApplication.php(162): CWebApplication->processRequest()
#2 D:\Projects\Dev-Pro-Kharkivjs\src\sites\kharkivjs.com\index.php(13): CApplication->run()
#3 {main}
REQUEST_URI=/favicon.ico
---
2012/12/08 01:06:32 [error] [exception.CHttpException.404] exception 'CHttpException' with message 'Unable to resolve the request "favicon.ico".' in D:\Projects\Dev-Pro-Kharkivjs\src\framework\web\CWebApplication.php:287
Stack trace:
#0 D:\Projects\Dev-Pro-Kharkivjs\src\framework\web\CWebApplication.php(142): CWebApplication->runController('favicon.ico')
#1 D:\Projects\Dev-Pro-Kharkivjs\src\framework\base\CApplication.php(162): CWebApplication->processRequest()
#2 D:\Projects\Dev-Pro-Kharkivjs\src\sites\kharkivjs.com\index.php(13): CApplication->run()
#3 {main}
REQUEST_URI=/favicon.ico
---
2012/12/08 01:06:32 [error] [exception.CHttpException.404] exception 'CHttpException' with message 'Unable to resolve the request "favicon.ico".' in D:\Projects\Dev-Pro-Kharkivjs\src\framework\web\CWebApplication.php:287
Stack trace:
#0 D:\Projects\Dev-Pro-Kharkivjs\src\framework\web\CWebApplication.php(142): CWebApplication->runController('favicon.ico')
#1 D:\Projects\Dev-Pro-Kharkivjs\src\framework\base\CApplication.php(162): CWebApplication->processRequest()
#2 D:\Projects\Dev-Pro-Kharkivjs\src\sites\kharkivjs.com\index.php(13): CApplication->run()
#3 {main}
REQUEST_URI=/favicon.ico
---
2012/12/08 01:06:32 [error] [exception.CHttpException.404] exception 'CHttpException' with message 'Unable to resolve the request "favicon.ico".' in D:\Projects\Dev-Pro-Kharkivjs\src\framework\web\CWebApplication.php:287
Stack trace:
#0 D:\Projects\Dev-Pro-Kharkivjs\src\framework\web\CWebApplication.php(142): CWebApplication->runController('favicon.ico')
#1 D:\Projects\Dev-Pro-Kharkivjs\src\framework\base\CApplication.php(162): CWebApplication->processRequest()
#2 D:\Projects\Dev-Pro-Kharkivjs\src\sites\kharkivjs.com\index.php(13): CApplication->run()
#3 {main}
REQUEST_URI=/favicon.ico
---
2012/12/08 01:06:32 [error] [exception.CHttpException.404] exception 'CHttpException' with message 'Unable to resolve the request "favicon.ico".' in D:\Projects\Dev-Pro-Kharkivjs\src\framework\web\CWebApplication.php:287
Stack trace:
#0 D:\Projects\Dev-Pro-Kharkivjs\src\framework\web\CWebApplication.php(142): CWebApplication->runController('favicon.ico')
#1 D:\Projects\Dev-Pro-Kharkivjs\src\framework\base\CApplication.php(162): CWebApplication->processRequest()
#2 D:\Projects\Dev-Pro-Kharkivjs\src\sites\kharkivjs.com\index.php(13): CApplication->run()
#3 {main}
REQUEST_URI=/favicon.ico
---
2012/12/08 01:06:33 [error] [exception.CHttpException.404] exception 'CHttpException' with message 'Unable to resolve the request "favicon.ico".' in D:\Projects\Dev-Pro-Kharkivjs\src\framework\web\CWebApplication.php:287
Stack trace:
#0 D:\Projects\Dev-Pro-Kharkivjs\src\framework\web\CWebApplication.php(142): CWebApplication->runController('favicon.ico')
#1 D:\Projects\Dev-Pro-Kharkivjs\src\framework\base\CApplication.php(162): CWebApplication->processRequest()
#2 D:\Projects\Dev-Pro-Kharkivjs\src\sites\kharkivjs.com\index.php(13): CApplication->run()
#3 {main}
REQUEST_URI=/favicon.ico
---
2012/12/08 01:06:33 [error] [exception.CHttpException.404] exception 'CHttpException' with message 'Unable to resolve the request "favicon.ico".' in D:\Projects\Dev-Pro-Kharkivjs\src\framework\web\CWebApplication.php:287
Stack trace:
#0 D:\Projects\Dev-Pro-Kharkivjs\src\framework\web\CWebApplication.php(142): CWebApplication->runController('favicon.ico')
#1 D:\Projects\Dev-Pro-Kharkivjs\src\framework\base\CApplication.php(162): CWebApplication->processRequest()
#2 D:\Projects\Dev-Pro-Kharkivjs\src\sites\kharkivjs.com\index.php(13): CApplication->run()
#3 {main}
REQUEST_URI=/favicon.ico
---
2012/12/08 01:06:33 [error] [exception.CHttpException.404] exception 'CHttpException' with message 'Unable to resolve the request "favicon.ico".' in D:\Projects\Dev-Pro-Kharkivjs\src\framework\web\CWebApplication.php:287
Stack trace:
#0 D:\Projects\Dev-Pro-Kharkivjs\src\framework\web\CWebApplication.php(142): CWebApplication->runController('favicon.ico')
#1 D:\Projects\Dev-Pro-Kharkivjs\src\framework\base\CApplication.php(162): CWebApplication->processRequest()
#2 D:\Projects\Dev-Pro-Kharkivjs\src\sites\kharkivjs.com\index.php(13): CApplication->run()
#3 {main}
REQUEST_URI=/favicon.ico
---
2012/12/08 01:06:34 [error] [exception.CHttpException.404] exception 'CHttpException' with message 'Unable to resolve the request "favicon.ico".' in D:\Projects\Dev-Pro-Kharkivjs\src\framework\web\CWebApplication.php:287
Stack trace:
#0 D:\Projects\Dev-Pro-Kharkivjs\src\framework\web\CWebApplication.php(142): CWebApplication->runController('favicon.ico')
#1 D:\Projects\Dev-Pro-Kharkivjs\src\framework\base\CApplication.php(162): CWebApplication->processRequest()
#2 D:\Projects\Dev-Pro-Kharkivjs\src\sites\kharkivjs.com\index.php(13): CApplication->run()
#3 {main}
REQUEST_URI=/favicon.ico
---
2012/12/08 01:06:34 [error] [exception.CHttpException.404] exception 'CHttpException' with message 'Unable to resolve the request "favicon.ico".' in D:\Projects\Dev-Pro-Kharkivjs\src\framework\web\CWebApplication.php:287
Stack trace:
#0 D:\Projects\Dev-Pro-Kharkivjs\src\framework\web\CWebApplication.php(142): CWebApplication->runController('favicon.ico')
#1 D:\Projects\Dev-Pro-Kharkivjs\src\framework\base\CApplication.php(162): CWebApplication->processRequest()
#2 D:\Projects\Dev-Pro-Kharkivjs\src\sites\kharkivjs.com\index.php(13): CApplication->run()
#3 {main}
REQUEST_URI=/favicon.ico
---
2012/12/08 01:06:34 [error] [exception.CHttpException.404] exception 'CHttpException' with message 'Unable to resolve the request "favicon.ico".' in D:\Projects\Dev-Pro-Kharkivjs\src\framework\web\CWebApplication.php:287
Stack trace:
#0 D:\Projects\Dev-Pro-Kharkivjs\src\framework\web\CWebApplication.php(142): CWebApplication->runController('favicon.ico')
#1 D:\Projects\Dev-Pro-Kharkivjs\src\framework\base\CApplication.php(162): CWebApplication->processRequest()
#2 D:\Projects\Dev-Pro-Kharkivjs\src\sites\kharkivjs.com\index.php(13): CApplication->run()
#3 {main}
REQUEST_URI=/favicon.ico
---
2012/12/08 01:06:35 [error] [exception.CHttpException.404] exception 'CHttpException' with message 'Unable to resolve the request "favicon.ico".' in D:\Projects\Dev-Pro-Kharkivjs\src\framework\web\CWebApplication.php:287
Stack trace:
#0 D:\Projects\Dev-Pro-Kharkivjs\src\framework\web\CWebApplication.php(142): CWebApplication->runController('favicon.ico')
#1 D:\Projects\Dev-Pro-Kharkivjs\src\framework\base\CApplication.php(162): CWebApplication->processRequest()
#2 D:\Projects\Dev-Pro-Kharkivjs\src\sites\kharkivjs.com\index.php(13): CApplication->run()
#3 {main}
REQUEST_URI=/favicon.ico
---
2012/12/08 01:06:35 [error] [exception.CHttpException.404] exception 'CHttpException' with message 'Unable to resolve the request "favicon.ico".' in D:\Projects\Dev-Pro-Kharkivjs\src\framework\web\CWebApplication.php:287
Stack trace:
#0 D:\Projects\Dev-Pro-Kharkivjs\src\framework\web\CWebApplication.php(142): CWebApplication->runController('favicon.ico')
#1 D:\Projects\Dev-Pro-Kharkivjs\src\framework\base\CApplication.php(162): CWebApplication->processRequest()
#2 D:\Projects\Dev-Pro-Kharkivjs\src\sites\kharkivjs.com\index.php(13): CApplication->run()
#3 {main}
REQUEST_URI=/favicon.ico
---
2012/12/08 01:06:36 [error] [exception.CHttpException.404] exception 'CHttpException' with message 'Unable to resolve the request "favicon.ico".' in D:\Projects\Dev-Pro-Kharkivjs\src\framework\web\CWebApplication.php:287
Stack trace:
#0 D:\Projects\Dev-Pro-Kharkivjs\src\framework\web\CWebApplication.php(142): CWebApplication->runController('favicon.ico')
#1 D:\Projects\Dev-Pro-Kharkivjs\src\framework\base\CApplication.php(162): CWebApplication->processRequest()
#2 D:\Projects\Dev-Pro-Kharkivjs\src\sites\kharkivjs.com\index.php(13): CApplication->run()
#3 {main}
REQUEST_URI=/favicon.ico
---
2012/12/08 01:06:36 [error] [exception.CHttpException.404] exception 'CHttpException' with message 'Unable to resolve the request "favicon.ico".' in D:\Projects\Dev-Pro-Kharkivjs\src\framework\web\CWebApplication.php:287
Stack trace:
#0 D:\Projects\Dev-Pro-Kharkivjs\src\framework\web\CWebApplication.php(142): CWebApplication->runController('favicon.ico')
#1 D:\Projects\Dev-Pro-Kharkivjs\src\framework\base\CApplication.php(162): CWebApplication->processRequest()
#2 D:\Projects\Dev-Pro-Kharkivjs\src\sites\kharkivjs.com\index.php(13): CApplication->run()
#3 {main}
REQUEST_URI=/favicon.ico
---
2012/12/08 01:06:37 [error] [exception.CHttpException.404] exception 'CHttpException' with message 'Unable to resolve the request "favicon.ico".' in D:\Projects\Dev-Pro-Kharkivjs\src\framework\web\CWebApplication.php:287
Stack trace:
#0 D:\Projects\Dev-Pro-Kharkivjs\src\framework\web\CWebApplication.php(142): CWebApplication->runController('favicon.ico')
#1 D:\Projects\Dev-Pro-Kharkivjs\src\framework\base\CApplication.php(162): CWebApplication->processRequest()
#2 D:\Projects\Dev-Pro-Kharkivjs\src\sites\kharkivjs.com\index.php(13): CApplication->run()
#3 {main}
REQUEST_URI=/favicon.ico
---
2012/12/08 01:06:38 [error] [exception.CHttpException.404] exception 'CHttpException' with message 'Unable to resolve the request "favicon.ico".' in D:\Projects\Dev-Pro-Kharkivjs\src\framework\web\CWebApplication.php:287
Stack trace:
#0 D:\Projects\Dev-Pro-Kharkivjs\src\framework\web\CWebApplication.php(142): CWebApplication->runController('favicon.ico')
#1 D:\Projects\Dev-Pro-Kharkivjs\src\framework\base\CApplication.php(162): CWebApplication->processRequest()
#2 D:\Projects\Dev-Pro-Kharkivjs\src\sites\kharkivjs.com\index.php(13): CApplication->run()
#3 {main}
REQUEST_URI=/favicon.ico
---
2012/12/08 01:06:38 [error] [exception.CHttpException.404] exception 'CHttpException' with message 'Unable to resolve the request "favicon.ico".' in D:\Projects\Dev-Pro-Kharkivjs\src\framework\web\CWebApplication.php:287
Stack trace:
#0 D:\Projects\Dev-Pro-Kharkivjs\src\framework\web\CWebApplication.php(142): CWebApplication->runController('favicon.ico')
#1 D:\Projects\Dev-Pro-Kharkivjs\src\framework\base\CApplication.php(162): CWebApplication->processRequest()
#2 D:\Projects\Dev-Pro-Kharkivjs\src\sites\kharkivjs.com\index.php(13): CApplication->run()
#3 {main}
REQUEST_URI=/favicon.ico
---
2012/12/08 01:06:38 [error] [exception.CHttpException.404] exception 'CHttpException' with message 'Unable to resolve the request "favicon.ico".' in D:\Projects\Dev-Pro-Kharkivjs\src\framework\web\CWebApplication.php:287
Stack trace:
#0 D:\Projects\Dev-Pro-Kharkivjs\src\framework\web\CWebApplication.php(142): CWebApplication->runController('favicon.ico')
#1 D:\Projects\Dev-Pro-Kharkivjs\src\framework\base\CApplication.php(162): CWebApplication->processRequest()
#2 D:\Projects\Dev-Pro-Kharkivjs\src\sites\kharkivjs.com\index.php(13): CApplication->run()
#3 {main}
REQUEST_URI=/favicon.ico
---
2012/12/08 01:06:38 [error] [exception.CHttpException.404] exception 'CHttpException' with message 'Unable to resolve the request "favicon.ico".' in D:\Projects\Dev-Pro-Kharkivjs\src\framework\web\CWebApplication.php:287
Stack trace:
#0 D:\Projects\Dev-Pro-Kharkivjs\src\framework\web\CWebApplication.php(142): CWebApplication->runController('favicon.ico')
#1 D:\Projects\Dev-Pro-Kharkivjs\src\framework\base\CApplication.php(162): CWebApplication->processRequest()
#2 D:\Projects\Dev-Pro-Kharkivjs\src\sites\kharkivjs.com\index.php(13): CApplication->run()
#3 {main}
REQUEST_URI=/favicon.ico
---
2012/12/08 01:06:38 [error] [exception.CHttpException.404] exception 'CHttpException' with message 'Unable to resolve the request "favicon.ico".' in D:\Projects\Dev-Pro-Kharkivjs\src\framework\web\CWebApplication.php:287
Stack trace:
#0 D:\Projects\Dev-Pro-Kharkivjs\src\framework\web\CWebApplication.php(142): CWebApplication->runController('favicon.ico')
#1 D:\Projects\Dev-Pro-Kharkivjs\src\framework\base\CApplication.php(162): CWebApplication->processRequest()
#2 D:\Projects\Dev-Pro-Kharkivjs\src\sites\kharkivjs.com\index.php(13): CApplication->run()
#3 {main}
REQUEST_URI=/favicon.ico
---
2012/12/08 01:06:39 [error] [exception.CHttpException.404] exception 'CHttpException' with message 'Unable to resolve the request "favicon.ico".' in D:\Projects\Dev-Pro-Kharkivjs\src\framework\web\CWebApplication.php:287
Stack trace:
#0 D:\Projects\Dev-Pro-Kharkivjs\src\framework\web\CWebApplication.php(142): CWebApplication->runController('favicon.ico')
#1 D:\Projects\Dev-Pro-Kharkivjs\src\framework\base\CApplication.php(162): CWebApplication->processRequest()
#2 D:\Projects\Dev-Pro-Kharkivjs\src\sites\kharkivjs.com\index.php(13): CApplication->run()
#3 {main}
REQUEST_URI=/favicon.ico
---
2012/12/08 01:06:39 [error] [exception.CHttpException.404] exception 'CHttpException' with message 'Unable to resolve the request "favicon.ico".' in D:\Projects\Dev-Pro-Kharkivjs\src\framework\web\CWebApplication.php:287
Stack trace:
#0 D:\Projects\Dev-Pro-Kharkivjs\src\framework\web\CWebApplication.php(142): CWebApplication->runController('favicon.ico')
#1 D:\Projects\Dev-Pro-Kharkivjs\src\framework\base\CApplication.php(162): CWebApplication->processRequest()
#2 D:\Projects\Dev-Pro-Kharkivjs\src\sites\kharkivjs.com\index.php(13): CApplication->run()
#3 {main}
REQUEST_URI=/favicon.ico
---
2012/12/08 01:06:39 [error] [exception.CHttpException.404] exception 'CHttpException' with message 'Unable to resolve the request "favicon.ico".' in D:\Projects\Dev-Pro-Kharkivjs\src\framework\web\CWebApplication.php:287
Stack trace:
#0 D:\Projects\Dev-Pro-Kharkivjs\src\framework\web\CWebApplication.php(142): CWebApplication->runController('favicon.ico')
#1 D:\Projects\Dev-Pro-Kharkivjs\src\framework\base\CApplication.php(162): CWebApplication->processRequest()
#2 D:\Projects\Dev-Pro-Kharkivjs\src\sites\kharkivjs.com\index.php(13): CApplication->run()
#3 {main}
REQUEST_URI=/favicon.ico
---
2012/12/08 01:06:40 [error] [exception.CHttpException.404] exception 'CHttpException' with message 'Unable to resolve the request "favicon.ico".' in D:\Projects\Dev-Pro-Kharkivjs\src\framework\web\CWebApplication.php:287
Stack trace:
#0 D:\Projects\Dev-Pro-Kharkivjs\src\framework\web\CWebApplication.php(142): CWebApplication->runController('favicon.ico')
#1 D:\Projects\Dev-Pro-Kharkivjs\src\framework\base\CApplication.php(162): CWebApplication->processRequest()
#2 D:\Projects\Dev-Pro-Kharkivjs\src\sites\kharkivjs.com\index.php(13): CApplication->run()
#3 {main}
REQUEST_URI=/favicon.ico
---
2012/12/08 01:06:40 [error] [exception.CHttpException.404] exception 'CHttpException' with message 'Unable to resolve the request "favicon.ico".' in D:\Projects\Dev-Pro-Kharkivjs\src\framework\web\CWebApplication.php:287
Stack trace:
#0 D:\Projects\Dev-Pro-Kharkivjs\src\framework\web\CWebApplication.php(142): CWebApplication->runController('favicon.ico')
#1 D:\Projects\Dev-Pro-Kharkivjs\src\framework\base\CApplication.php(162): CWebApplication->processRequest()
#2 D:\Projects\Dev-Pro-Kharkivjs\src\sites\kharkivjs.com\index.php(13): CApplication->run()
#3 {main}
REQUEST_URI=/favicon.ico
---
2012/12/08 01:06:40 [error] [exception.CHttpException.404] exception 'CHttpException' with message 'Unable to resolve the request "favicon.ico".' in D:\Projects\Dev-Pro-Kharkivjs\src\framework\web\CWebApplication.php:287
Stack trace:
#0 D:\Projects\Dev-Pro-Kharkivjs\src\framework\web\CWebApplication.php(142): CWebApplication->runController('favicon.ico')
#1 D:\Projects\Dev-Pro-Kharkivjs\src\framework\base\CApplication.php(162): CWebApplication->processRequest()
#2 D:\Projects\Dev-Pro-Kharkivjs\src\sites\kharkivjs.com\index.php(13): CApplication->run()
#3 {main}
REQUEST_URI=/favicon.ico
---
